{"name": "Проверка добавления ингредиента в заказ", "status": "failed", "statusDetails": {"message": "AssertionError: assert 0 != 0\n +  where 0 = get_ingredient_counter()\n +    where get_ingredient_counter = <pages.main_func_page.MainFuncPage object at 0x000002B0436628D0>.get_ingredient_counter", "trace": "self = <test_main_func.TestMainFunc object at 0x000002B043638250>, driver = <selenium.webdriver.firefox.webdriver.WebDriver (session=\"dbb3aad6-2f95-4356-b6b1-42310fe600f0\")>\n\n    @allure.title(\"Проверка добавления ингредиента в заказ\")\n    @allure.description(\"Тест проверяет добавление ингредиента в конструктор бургера\")\n    def test_add_ingredient_order(self, driver):\n        with allure.step(\"Создать экземпляр главной страницы\"):\n            main_func = MainFuncPage(driver)\n    \n        with allure.step(\"Перейти в конструктор\"):\n            main_func.click_constructor()\n    \n        with allure.step(\"Перетащить ингредиент в конструктор\"):\n            main_func.drag_ingredient_to_constructor()\n    \n        with allure.step(\"Проверить, что счетчик ингредиента изменился\"):\n>           assert main_func.get_ingredient_counter() != 0\nE           assert 0 != 0\nE            +  where 0 = get_ingredient_counter()\nE            +    where get_ingredient_counter = <pages.main_func_page.MainFuncPage object at 0x000002B0436628D0>.get_ingredient_counter\n\ntests\\test_main_func.py:50: AssertionError"}, "description": "Тест проверяет добавление ингредиента в конструктор бургера", "steps": [{"name": "Создать экземпляр главной страницы", "status": "passed", "start": 1762529879688, "stop": 1762529879688}, {"name": "Перейти в конструктор", "status": "passed", "start": 1762529879688, "stop": 1762529879764}, {"name": "Перетащить ингредиент в конструктор", "status": "passed", "start": 1762529879764, "stop": 1762529880299}, {"name": "Проверить, что счетчик ингредиента изменился", "status": "failed", "statusDetails": {"message": "AssertionError: assert 0 != 0\n +  where 0 = get_ingredient_counter()\n +    where get_ingredient_counter = <pages.main_func_page.MainFuncPage object at 0x000002B0436628D0>.get_ingredient_counter\n", "trace": "  File \"C:\\Users\\User\\Documents\\Diplom_3\\tests\\test_main_func.py\", line 50, in test_add_ingredient_order\n    assert main_func.get_ingredient_counter() != 0\n"}, "start": 1762529880299, "stop": 1762529880304}], "parameters": [{"name": "driver", "value": "'firefox'"}], "start": 1762529879688, "stop": 1762529880305, "uuid": "2545e865-d1bc-4bbc-a73d-f74b7278e99e", "historyId": "35bf05e1c62a0d3625524ce53881b768", "testCaseId": "cbfc8c5595e6015a98a3ef39caa737b8", "fullName": "tests.test_main_func.TestMainFunc#test_add_ingredient_order", "labels": [{"name": "parentSuite", "value": "tests"}, {"name": "suite", "value": "test_main_func"}, {"name": "subSuite", "value": "TestMainFunc"}, {"name": "host", "value": "DESKTOP-2C7V3AB"}, {"name": "thread", "value": "7624-MainThread"}, {"name": "framework", "value": "pytest"}, {"name": "language", "value": "cpython3"}, {"name": "package", "value": "tests.test_main_func"}], "titlePath": ["tests", "test_main_func.py", "TestMainFunc"]}