{"name": "Проверка создания заказа авторизованным пользователем", "status": "broken", "statusDetails": {"message": "selenium.common.exceptions.TimeoutException: Message:", "trace": "self = <test_main_func.TestMainFunc object at 0x000002B043614C80>, driver = <selenium.webdriver.firefox.webdriver.WebDriver (session=\"18678293-77ad-4fc9-a2a5-702f87b66414\")>, new_user = {'email': 'radim2010@example.net', 'name': 'shubinmodest', 'password': '$^Keu&nyd6'}\n\n    @allure.title(\"Проверка создания заказа авторизованным пользователем\")\n    @allure.description(\"Тест проверяет создание заказа авторизованным пользователем\")\n    def test_authorized_user_creates_order(self, driver, new_user):\n        with allure.step(\"Создать экземпляры страниц\"):\n            main_func = MainFuncPage(driver)\n            login = LoginPage(driver)\n    \n        with allure.step(\"Авторизоваться пользователем\"):\n            login.authorize_user(new_user['email'], new_user['password'])\n    \n        with allure.step(\"Создать заказ и проверить успешность\"):\n>           assert main_func.make_order()\n                   ^^^^^^^^^^^^^^^^^^^^^^\n\ntests\\test_main_func.py:63: \n_ _ _ _ _ _ _ _ _ _ _ _ _ _ _ _ _ _ _ _ _ _ _ _ _ _ _ _ _ _ _ _ _ _ _ _ _ _ _ _ _ _ _ _ _ _ _ _ _ _ _ _ _ _ _ _ _ _ _ _ _ _ _ _ _ _ _ _ _ _ _ _ _ _ _ _ _ _ _ _ _ _ _ _ _ _ _ _ _ _ _ _ _ _ _ _ _ _ _ _ _ _ _ _ _ _ _ _ _ _ _ _ _ _ _ _ _ _ _ _ _ _ _ _ _ _ _ _ _ _ _ _ _ _ _ _ \npages\\main_func_page.py:43: in make_order\n    return self.click_create_order()\n           ^^^^^^^^^^^^^^^^^^^^^^^^^\npages\\main_func_page.py:38: in click_create_order\n    return self.wait_element_change_text(LocatorMainFunc.POPUP_ORDER_ID_LARGE, '9999')\n           ^^^^^^^^^^^^^^^^^^^^^^^^^^^^^^^^^^^^^^^^^^^^^^^^^^^^^^^^^^^^^^^^^^^^^^^^^^^\npages\\base_page.py:22: in wait_element_change_text\n    return self.wait.until(lambda driver: element.text != initial_text)\n           ^^^^^^^^^^^^^^^^^^^^^^^^^^^^^^^^^^^^^^^^^^^^^^^^^^^^^^^^^^^^\n_ _ _ _ _ _ _ _ _ _ _ _ _ _ _ _ _ _ _ _ _ _ _ _ _ _ _ _ _ _ _ _ _ _ _ _ _ _ _ _ _ _ _ _ _ _ _ _ _ _ _ _ _ _ _ _ _ _ _ _ _ _ _ _ _ _ _ _ _ _ _ _ _ _ _ _ _ _ _ _ _ _ _ _ _ _ _ _ _ _ _ _ _ _ _ _ _ _ _ _ _ _ _ _ _ _ _ _ _ _ _ _ _ _ _ _ _ _ _ _ _ _ _ _ _ _ _ _ _ _ _ _ _ _ _ _ \n\nself = <selenium.webdriver.support.wait.WebDriverWait (session=\"18678293-77ad-4fc9-a2a5-702f87b66414\")>, method = <function BasePage.wait_element_change_text.<locals>.<lambda> at 0x000002B043B85800>, message = ''\n\n    def until(self, method: Callable[[D], Union[Literal[False], T]], message: str = \"\") -> T:\n        \"\"\"Wait until the method returns a value that is not False.\n    \n        Calls the method provided with the driver as an argument until the\n        return value does not evaluate to ``False``.\n    \n        Parameters:\n        -----------\n        method: callable(WebDriver)\n            - A callable object that takes a WebDriver instance as an argument.\n    \n        message: str\n            - Optional message for :exc:`TimeoutException`\n    \n        Return:\n        -------\n        object: T\n            - The result of the last call to `method`\n    \n        Raises:\n        -------\n        TimeoutException\n            - If 'method' does not return a truthy value within the WebDriverWait\n            object's timeout\n    \n        Example:\n        --------\n        >>> from selenium.webdriver.common.by import By\n        >>> from selenium.webdriver.support.ui import WebDriverWait\n        >>> from selenium.webdriver.support import expected_conditions as EC\n    \n        # Wait until an element is visible on the page\n        >>> wait = WebDriverWait(driver, 10)\n        >>> element = wait.until(EC.visibility_of_element_located((By.ID, \"exampleId\")))\n        >>> print(element.text)\n        \"\"\"\n        screen = None\n        stacktrace = None\n    \n        end_time = time.monotonic() + self._timeout\n        while True:\n            try:\n                value = method(self._driver)\n                if value:\n                    return value\n            except self._ignored_exceptions as exc:\n                screen = getattr(exc, \"screen\", None)\n                stacktrace = getattr(exc, \"stacktrace\", None)\n            if time.monotonic() > end_time:\n                break\n            time.sleep(self._poll)\n>       raise TimeoutException(message, screen, stacktrace)\nE       selenium.common.exceptions.TimeoutException: Message:\n\n..\\..\\AppData\\Local\\Programs\\Python\\Python313\\Lib\\site-packages\\selenium\\webdriver\\support\\wait.py:138: TimeoutException"}, "description": "Тест проверяет создание заказа авторизованным пользователем", "steps": [{"name": "Создать экземпляры страниц", "status": "passed", "start": 1762529900451, "stop": 1762529900451}, {"name": "Авторизоваться пользователем", "status": "passed", "start": 1762529900451, "stop": 1762529902345}, {"name": "Создать заказ и проверить успешность", "status": "broken", "statusDetails": {"message": "selenium.common.exceptions.TimeoutException: Message: \n\n", "trace": "  File \"C:\\Users\\User\\Documents\\Diplom_3\\tests\\test_main_func.py\", line 63, in test_authorized_user_creates_order\n    assert main_func.make_order()\n           ~~~~~~~~~~~~~~~~~~~~^^\n  File \"C:\\Users\\User\\Documents\\Diplom_3\\pages\\main_func_page.py\", line 43, in make_order\n    return self.click_create_order()\n           ~~~~~~~~~~~~~~~~~~~~~~~^^\n  File \"C:\\Users\\User\\Documents\\Diplom_3\\pages\\main_func_page.py\", line 38, in click_create_order\n    return self.wait_element_change_text(LocatorMainFunc.POPUP_ORDER_ID_LARGE, '9999')\n           ~~~~~~~~~~~~~~~~~~~~~~~~~~~~~^^^^^^^^^^^^^^^^^^^^^^^^^^^^^^^^^^^^^^^^^^^^^^\n  File \"C:\\Users\\User\\Documents\\Diplom_3\\pages\\base_page.py\", line 22, in wait_element_change_text\n    return self.wait.until(lambda driver: element.text != initial_text)\n           ~~~~~~~~~~~~~~~^^^^^^^^^^^^^^^^^^^^^^^^^^^^^^^^^^^^^^^^^^^^^\n  File \"C:\\Users\\User\\AppData\\Local\\Programs\\Python\\Python313\\Lib\\site-packages\\selenium\\webdriver\\support\\wait.py\", line 138, in until\n    raise TimeoutException(message, screen, stacktrace)\n"}, "start": 1762529902345, "stop": 1762529943280}], "parameters": [{"name": "driver", "value": "'firefox'"}], "start": 1762529900451, "stop": 1762529943281, "uuid": "d42df281-7bf2-4452-8fdd-bfb620db5508", "historyId": "cbb11641b6b37b6ec8f1b548042d97b4", "testCaseId": "01c7d0bca232c7bcda3b3dc8552dc81b", "fullName": "tests.test_main_func.TestMainFunc#test_authorized_user_creates_order", "labels": [{"name": "parentSuite", "value": "tests"}, {"name": "suite", "value": "test_main_func"}, {"name": "subSuite", "value": "TestMainFunc"}, {"name": "host", "value": "DESKTOP-2C7V3AB"}, {"name": "thread", "value": "7624-MainThread"}, {"name": "framework", "value": "pytest"}, {"name": "language", "value": "cpython3"}, {"name": "package", "value": "tests.test_main_func"}], "titlePath": ["tests", "test_main_func.py", "TestMainFunc"]}