{"uid":"43746479bc94de50","name":"Проверка создания заказа авторизованным пользователем","fullName":"tests.test_main_func.TestMainFunc#test_authorized_user_creates_order","historyId":"cbb11641b6b37b6ec8f1b548042d97b4","time":{"start":1762529900451,"stop":1762529943281,"duration":42830},"description":"Тест проверяет создание заказа авторизованным пользователем","descriptionHtml":"<p>Тест проверяет создание заказа авторизованным пользователем</p>\n","status":"broken","statusMessage":"selenium.common.exceptions.TimeoutException: Message:","statusTrace":"self = <test_main_func.TestMainFunc object at 0x000002B043614C80>, driver = <selenium.webdriver.firefox.webdriver.WebDriver (session=\"18678293-77ad-4fc9-a2a5-702f87b66414\")>, new_user = {'email': 'radim2010@example.net', 'name': 'shubinmodest', 'password': '$^Keu&nyd6'}\n\n    @allure.title(\"Проверка создания заказа авторизованным пользователем\")\n    @allure.description(\"Тест проверяет создание заказа авторизованным пользователем\")\n    def test_authorized_user_creates_order(self, driver, new_user):\n        with allure.step(\"Создать экземпляры страниц\"):\n            main_func = MainFuncPage(driver)\n            login = LoginPage(driver)\n    \n        with allure.step(\"Авторизоваться пользователем\"):\n            login.authorize_user(new_user['email'], new_user['password'])\n    \n        with allure.step(\"Создать заказ и проверить успешность\"):\n>           assert main_func.make_order()\n                   ^^^^^^^^^^^^^^^^^^^^^^\n\ntests\\test_main_func.py:63: \n_ _ _ _ _ _ _ _ _ _ _ _ _ _ _ _ _ _ _ _ _ _ _ _ _ _ _ _ _ _ _ _ _ _ _ _ _ _ _ _ _ _ _ _ _ _ _ _ _ _ _ _ _ _ _ _ _ _ _ _ _ _ _ _ _ _ _ _ _ _ _ _ _ _ _ _ _ _ _ _ _ _ _ _ _ _ _ _ _ _ _ _ _ _ _ _ _ _ _ _ _ _ _ _ _ _ _ _ _ _ _ _ _ _ _ _ _ _ _ _ _ _ _ _ _ _ _ _ _ _ _ _ _ _ _ _ \npages\\main_func_page.py:43: in make_order\n    return self.click_create_order()\n           ^^^^^^^^^^^^^^^^^^^^^^^^^\npages\\main_func_page.py:38: in click_create_order\n    return self.wait_element_change_text(LocatorMainFunc.POPUP_ORDER_ID_LARGE, '9999')\n           ^^^^^^^^^^^^^^^^^^^^^^^^^^^^^^^^^^^^^^^^^^^^^^^^^^^^^^^^^^^^^^^^^^^^^^^^^^^\npages\\base_page.py:22: in wait_element_change_text\n    return self.wait.until(lambda driver: element.text != initial_text)\n           ^^^^^^^^^^^^^^^^^^^^^^^^^^^^^^^^^^^^^^^^^^^^^^^^^^^^^^^^^^^^\n_ _ _ _ _ _ _ _ _ _ _ _ _ _ _ _ _ _ _ _ _ _ _ _ _ _ _ _ _ _ _ _ _ _ _ _ _ _ _ _ _ _ _ _ _ _ _ _ _ _ _ _ _ _ _ _ _ _ _ _ _ _ _ _ _ _ _ _ _ _ _ _ _ _ _ _ _ _ _ _ _ _ _ _ _ _ _ _ _ _ _ _ _ _ _ _ _ _ _ _ _ _ _ _ _ _ _ _ _ _ _ _ _ _ _ _ _ _ _ _ _ _ _ _ _ _ _ _ _ _ _ _ _ _ _ _ \n\nself = <selenium.webdriver.support.wait.WebDriverWait (session=\"18678293-77ad-4fc9-a2a5-702f87b66414\")>, method = <function BasePage.wait_element_change_text.<locals>.<lambda> at 0x000002B043B85800>, message = ''\n\n    def until(self, method: Callable[[D], Union[Literal[False], T]], message: str = \"\") -> T:\n        \"\"\"Wait until the method returns a value that is not False.\n    \n        Calls the method provided with the driver as an argument until the\n        return value does not evaluate to ``False``.\n    \n        Parameters:\n        -----------\n        method: callable(WebDriver)\n            - A callable object that takes a WebDriver instance as an argument.\n    \n        message: str\n            - Optional message for :exc:`TimeoutException`\n    \n        Return:\n        -------\n        object: T\n            - The result of the last call to `method`\n    \n        Raises:\n        -------\n        TimeoutException\n            - If 'method' does not return a truthy value within the WebDriverWait\n            object's timeout\n    \n        Example:\n        --------\n        >>> from selenium.webdriver.common.by import By\n        >>> from selenium.webdriver.support.ui import WebDriverWait\n        >>> from selenium.webdriver.support import expected_conditions as EC\n    \n        # Wait until an element is visible on the page\n        >>> wait = WebDriverWait(driver, 10)\n        >>> element = wait.until(EC.visibility_of_element_located((By.ID, \"exampleId\")))\n        >>> print(element.text)\n        \"\"\"\n        screen = None\n        stacktrace = None\n    \n        end_time = time.monotonic() + self._timeout\n        while True:\n            try:\n                value = method(self._driver)\n                if value:\n                    return value\n            except self._ignored_exceptions as exc:\n                screen = getattr(exc, \"screen\", None)\n                stacktrace = getattr(exc, \"stacktrace\", None)\n            if time.monotonic() > end_time:\n                break\n            time.sleep(self._poll)\n>       raise TimeoutException(message, screen, stacktrace)\nE       selenium.common.exceptions.TimeoutException: Message:\n\n..\\..\\AppData\\Local\\Programs\\Python\\Python313\\Lib\\site-packages\\selenium\\webdriver\\support\\wait.py:138: TimeoutException","flaky":false,"newFailed":false,"newBroken":false,"newPassed":false,"retriesCount":0,"retriesStatusChange":false,"beforeStages":[{"name":"_session_faker","time":{"start":1762529613251,"stop":1762529613290,"duration":39},"status":"passed","steps":[],"attachments":[],"parameters":[],"attachmentStep":false,"stepsCount":0,"hasContent":false,"shouldDisplayMessage":false,"attachmentsCount":0},{"name":"driver","time":{"start":1762529893394,"stop":1762529900157,"duration":6763},"status":"passed","steps":[],"attachments":[],"parameters":[],"attachmentStep":false,"stepsCount":0,"hasContent":false,"shouldDisplayMessage":false,"attachmentsCount":0},{"name":"random_user_payload_for_create","time":{"start":1762529900157,"stop":1762529900158,"duration":1},"status":"passed","steps":[],"attachments":[],"parameters":[],"attachmentStep":false,"stepsCount":0,"hasContent":false,"shouldDisplayMessage":false,"attachmentsCount":0},{"name":"create_user_api","time":{"start":1762529900158,"stop":1762529900158,"duration":0},"status":"passed","steps":[],"attachments":[],"parameters":[],"attachmentStep":false,"stepsCount":0,"hasContent":false,"shouldDisplayMessage":false,"attachmentsCount":0},{"name":"login_user_api","time":{"start":1762529900159,"stop":1762529900159,"duration":0},"status":"passed","steps":[],"attachments":[],"parameters":[],"attachmentStep":false,"stepsCount":0,"hasContent":false,"shouldDisplayMessage":false,"attachmentsCount":0},{"name":"new_user","time":{"start":1762529900159,"stop":1762529900451,"duration":292},"status":"passed","steps":[],"attachments":[],"parameters":[],"attachmentStep":false,"stepsCount":0,"hasContent":false,"shouldDisplayMessage":false,"attachmentsCount":0},{"name":"delete_user_api","time":{"start":1762529900159,"stop":1762529900159,"duration":0},"status":"passed","steps":[],"attachments":[],"parameters":[],"attachmentStep":false,"stepsCount":0,"hasContent":false,"shouldDisplayMessage":false,"attachmentsCount":0}],"testStage":{"description":"Тест проверяет создание заказа авторизованным пользователем","status":"broken","statusMessage":"selenium.common.exceptions.TimeoutException: Message:","statusTrace":"self = <test_main_func.TestMainFunc object at 0x000002B043614C80>, driver = <selenium.webdriver.firefox.webdriver.WebDriver (session=\"18678293-77ad-4fc9-a2a5-702f87b66414\")>, new_user = {'email': 'radim2010@example.net', 'name': 'shubinmodest', 'password': '$^Keu&nyd6'}\n\n    @allure.title(\"Проверка создания заказа авторизованным пользователем\")\n    @allure.description(\"Тест проверяет создание заказа авторизованным пользователем\")\n    def test_authorized_user_creates_order(self, driver, new_user):\n        with allure.step(\"Создать экземпляры страниц\"):\n            main_func = MainFuncPage(driver)\n            login = LoginPage(driver)\n    \n        with allure.step(\"Авторизоваться пользователем\"):\n            login.authorize_user(new_user['email'], new_user['password'])\n    \n        with allure.step(\"Создать заказ и проверить успешность\"):\n>           assert main_func.make_order()\n                   ^^^^^^^^^^^^^^^^^^^^^^\n\ntests\\test_main_func.py:63: \n_ _ _ _ _ _ _ _ _ _ _ _ _ _ _ _ _ _ _ _ _ _ _ _ _ _ _ _ _ _ _ _ _ _ _ _ _ _ _ _ _ _ _ _ _ _ _ _ _ _ _ _ _ _ _ _ _ _ _ _ _ _ _ _ _ _ _ _ _ _ _ _ _ _ _ _ _ _ _ _ _ _ _ _ _ _ _ _ _ _ _ _ _ _ _ _ _ _ _ _ _ _ _ _ _ _ _ _ _ _ _ _ _ _ _ _ _ _ _ _ _ _ _ _ _ _ _ _ _ _ _ _ _ _ _ _ \npages\\main_func_page.py:43: in make_order\n    return self.click_create_order()\n           ^^^^^^^^^^^^^^^^^^^^^^^^^\npages\\main_func_page.py:38: in click_create_order\n    return self.wait_element_change_text(LocatorMainFunc.POPUP_ORDER_ID_LARGE, '9999')\n           ^^^^^^^^^^^^^^^^^^^^^^^^^^^^^^^^^^^^^^^^^^^^^^^^^^^^^^^^^^^^^^^^^^^^^^^^^^^\npages\\base_page.py:22: in wait_element_change_text\n    return self.wait.until(lambda driver: element.text != initial_text)\n           ^^^^^^^^^^^^^^^^^^^^^^^^^^^^^^^^^^^^^^^^^^^^^^^^^^^^^^^^^^^^\n_ _ _ _ _ _ _ _ _ _ _ _ _ _ _ _ _ _ _ _ _ _ _ _ _ _ _ _ _ _ _ _ _ _ _ _ _ _ _ _ _ _ _ _ _ _ _ _ _ _ _ _ _ _ _ _ _ _ _ _ _ _ _ _ _ _ _ _ _ _ _ _ _ _ _ _ _ _ _ _ _ _ _ _ _ _ _ _ _ _ _ _ _ _ _ _ _ _ _ _ _ _ _ _ _ _ _ _ _ _ _ _ _ _ _ _ _ _ _ _ _ _ _ _ _ _ _ _ _ _ _ _ _ _ _ _ \n\nself = <selenium.webdriver.support.wait.WebDriverWait (session=\"18678293-77ad-4fc9-a2a5-702f87b66414\")>, method = <function BasePage.wait_element_change_text.<locals>.<lambda> at 0x000002B043B85800>, message = ''\n\n    def until(self, method: Callable[[D], Union[Literal[False], T]], message: str = \"\") -> T:\n        \"\"\"Wait until the method returns a value that is not False.\n    \n        Calls the method provided with the driver as an argument until the\n        return value does not evaluate to ``False``.\n    \n        Parameters:\n        -----------\n        method: callable(WebDriver)\n            - A callable object that takes a WebDriver instance as an argument.\n    \n        message: str\n            - Optional message for :exc:`TimeoutException`\n    \n        Return:\n        -------\n        object: T\n            - The result of the last call to `method`\n    \n        Raises:\n        -------\n        TimeoutException\n            - If 'method' does not return a truthy value within the WebDriverWait\n            object's timeout\n    \n        Example:\n        --------\n        >>> from selenium.webdriver.common.by import By\n        >>> from selenium.webdriver.support.ui import WebDriverWait\n        >>> from selenium.webdriver.support import expected_conditions as EC\n    \n        # Wait until an element is visible on the page\n        >>> wait = WebDriverWait(driver, 10)\n        >>> element = wait.until(EC.visibility_of_element_located((By.ID, \"exampleId\")))\n        >>> print(element.text)\n        \"\"\"\n        screen = None\n        stacktrace = None\n    \n        end_time = time.monotonic() + self._timeout\n        while True:\n            try:\n                value = method(self._driver)\n                if value:\n                    return value\n            except self._ignored_exceptions as exc:\n                screen = getattr(exc, \"screen\", None)\n                stacktrace = getattr(exc, \"stacktrace\", None)\n            if time.monotonic() > end_time:\n                break\n            time.sleep(self._poll)\n>       raise TimeoutException(message, screen, stacktrace)\nE       selenium.common.exceptions.TimeoutException: Message:\n\n..\\..\\AppData\\Local\\Programs\\Python\\Python313\\Lib\\site-packages\\selenium\\webdriver\\support\\wait.py:138: TimeoutException","steps":[{"name":"Создать экземпляры страниц","time":{"start":1762529900451,"stop":1762529900451,"duration":0},"status":"passed","steps":[],"attachments":[],"parameters":[],"attachmentStep":false,"stepsCount":0,"hasContent":false,"shouldDisplayMessage":false,"attachmentsCount":0},{"name":"Авторизоваться пользователем","time":{"start":1762529900451,"stop":1762529902345,"duration":1894},"status":"passed","steps":[],"attachments":[],"parameters":[],"attachmentStep":false,"stepsCount":0,"hasContent":false,"shouldDisplayMessage":false,"attachmentsCount":0},{"name":"Создать заказ и проверить успешность","time":{"start":1762529902345,"stop":1762529943280,"duration":40935},"status":"broken","statusMessage":"selenium.common.exceptions.TimeoutException: Message: \n\n","statusTrace":"  File \"C:\\Users\\User\\Documents\\Diplom_3\\tests\\test_main_func.py\", line 63, in test_authorized_user_creates_order\n    assert main_func.make_order()\n           ~~~~~~~~~~~~~~~~~~~~^^\n  File \"C:\\Users\\User\\Documents\\Diplom_3\\pages\\main_func_page.py\", line 43, in make_order\n    return self.click_create_order()\n           ~~~~~~~~~~~~~~~~~~~~~~~^^\n  File \"C:\\Users\\User\\Documents\\Diplom_3\\pages\\main_func_page.py\", line 38, in click_create_order\n    return self.wait_element_change_text(LocatorMainFunc.POPUP_ORDER_ID_LARGE, '9999')\n           ~~~~~~~~~~~~~~~~~~~~~~~~~~~~~^^^^^^^^^^^^^^^^^^^^^^^^^^^^^^^^^^^^^^^^^^^^^^\n  File \"C:\\Users\\User\\Documents\\Diplom_3\\pages\\base_page.py\", line 22, in wait_element_change_text\n    return self.wait.until(lambda driver: element.text != initial_text)\n           ~~~~~~~~~~~~~~~^^^^^^^^^^^^^^^^^^^^^^^^^^^^^^^^^^^^^^^^^^^^^\n  File \"C:\\Users\\User\\AppData\\Local\\Programs\\Python\\Python313\\Lib\\site-packages\\selenium\\webdriver\\support\\wait.py\", line 138, in until\n    raise TimeoutException(message, screen, stacktrace)\n","steps":[],"attachments":[],"parameters":[],"attachmentStep":false,"stepsCount":0,"hasContent":true,"shouldDisplayMessage":true,"attachmentsCount":0}],"attachments":[],"parameters":[],"attachmentStep":false,"stepsCount":3,"hasContent":true,"shouldDisplayMessage":true,"attachmentsCount":0},"afterStages":[{"name":"new_user::0","time":{"start":1762529943285,"stop":1762529944361,"duration":1076},"status":"passed","steps":[],"attachments":[],"parameters":[],"attachmentStep":false,"stepsCount":0,"hasContent":false,"shouldDisplayMessage":false,"attachmentsCount":0},{"name":"driver::0","time":{"start":1762529944362,"stop":1762529946737,"duration":2375},"status":"passed","steps":[],"attachments":[],"parameters":[],"attachmentStep":false,"stepsCount":0,"hasContent":false,"shouldDisplayMessage":false,"attachmentsCount":0}],"labels":[{"name":"parentSuite","value":"tests"},{"name":"suite","value":"test_main_func"},{"name":"subSuite","value":"TestMainFunc"},{"name":"host","value":"DESKTOP-2C7V3AB"},{"name":"thread","value":"7624-MainThread"},{"name":"framework","value":"pytest"},{"name":"language","value":"cpython3"},{"name":"package","value":"tests.test_main_func"},{"name":"resultFormat","value":"allure2"}],"parameters":[{"name":"driver","value":"'firefox'"}],"links":[],"hidden":false,"retry":false,"extra":{"severity":"normal","retries":[],"categories":[{"name":"Test defects","matchedStatuses":[]}],"tags":[]},"source":"43746479bc94de50.json","parameterValues":["'firefox'"]}