{"uid":"a4d82522ba045584","name":"Проверка изменения счетчиков заказов","fullName":"tests.test_feed_order.TestFeedOrder#test_change_counter_orders","historyId":"3c81bb6529e718730e58c98399d47211","time":{"start":1762529718902,"stop":1762529762823,"duration":43921},"description":"Тест проверяет увеличение счетчиков выполненных заказов после создания нового заказа","descriptionHtml":"<p>Тест проверяет увеличение счетчиков выполненных заказов после создания нового заказа</p>\n","status":"broken","statusMessage":"selenium.common.exceptions.TimeoutException: Message:","statusTrace":"self = <test_feed_order.TestFeedOrder object at 0x000002B04354B460>, driver = <selenium.webdriver.firefox.webdriver.WebDriver (session=\"28e6ca1e-718a-4c59-8f2d-abcf0839c1d7\")>, new_user = {'email': 'prohorovakim@example.com', 'name': 'fedosi_78', 'password': '21oTagLe@w'}\n\n    @allure.title(\"Проверка изменения счетчиков заказов\")\n    @allure.description(\"Тест проверяет увеличение счетчиков выполненных заказов после создания нового заказа\")\n    def test_change_counter_orders(self, driver, new_user):\n        with allure.step(\"Создать экземпляры страниц\"):\n            login = LoginPage(driver)\n            main_func_page = MainFuncPage(driver)\n            order_feed_page = OrderFeedPage(driver)\n    \n        with allure.step(\"Авторизоваться пользователем\"):\n            login.authorize_user(new_user['email'], new_user['password'])\n    \n        with allure.step(\"Перейти в ленту заказов\"):\n            main_func_page.click_feed_orders()\n    \n        with allure.step(\"Получить начальные значения счетчиков\"):\n            count_before_all = order_feed_page.get_number_complete_all()\n            count_before_today = order_feed_page.get_number_complete_today()\n    \n        with allure.step(\"Создать заказ\"):\n>           main_func_page.make_order()\n\ntests\\test_feed_order.py:77: \n_ _ _ _ _ _ _ _ _ _ _ _ _ _ _ _ _ _ _ _ _ _ _ _ _ _ _ _ _ _ _ _ _ _ _ _ _ _ _ _ _ _ _ _ _ _ _ _ _ _ _ _ _ _ _ _ _ _ _ _ _ _ _ _ _ _ _ _ _ _ _ _ _ _ _ _ _ _ _ _ _ _ _ _ _ _ _ _ _ _ _ _ _ _ _ _ _ _ _ _ _ _ _ _ _ _ _ _ _ _ _ _ _ _ _ _ _ _ _ _ _ _ _ _ _ _ _ _ _ _ _ _ _ _ _ _ \npages\\main_func_page.py:43: in make_order\n    return self.click_create_order()\n           ^^^^^^^^^^^^^^^^^^^^^^^^^\npages\\main_func_page.py:38: in click_create_order\n    return self.wait_element_change_text(LocatorMainFunc.POPUP_ORDER_ID_LARGE, '9999')\n           ^^^^^^^^^^^^^^^^^^^^^^^^^^^^^^^^^^^^^^^^^^^^^^^^^^^^^^^^^^^^^^^^^^^^^^^^^^^\npages\\base_page.py:22: in wait_element_change_text\n    return self.wait.until(lambda driver: element.text != initial_text)\n           ^^^^^^^^^^^^^^^^^^^^^^^^^^^^^^^^^^^^^^^^^^^^^^^^^^^^^^^^^^^^\n_ _ _ _ _ _ _ _ _ _ _ _ _ _ _ _ _ _ _ _ _ _ _ _ _ _ _ _ _ _ _ _ _ _ _ _ _ _ _ _ _ _ _ _ _ _ _ _ _ _ _ _ _ _ _ _ _ _ _ _ _ _ _ _ _ _ _ _ _ _ _ _ _ _ _ _ _ _ _ _ _ _ _ _ _ _ _ _ _ _ _ _ _ _ _ _ _ _ _ _ _ _ _ _ _ _ _ _ _ _ _ _ _ _ _ _ _ _ _ _ _ _ _ _ _ _ _ _ _ _ _ _ _ _ _ _ \n\nself = <selenium.webdriver.support.wait.WebDriverWait (session=\"28e6ca1e-718a-4c59-8f2d-abcf0839c1d7\")>, method = <function BasePage.wait_element_change_text.<locals>.<lambda> at 0x000002B043B85940>, message = ''\n\n    def until(self, method: Callable[[D], Union[Literal[False], T]], message: str = \"\") -> T:\n        \"\"\"Wait until the method returns a value that is not False.\n    \n        Calls the method provided with the driver as an argument until the\n        return value does not evaluate to ``False``.\n    \n        Parameters:\n        -----------\n        method: callable(WebDriver)\n            - A callable object that takes a WebDriver instance as an argument.\n    \n        message: str\n            - Optional message for :exc:`TimeoutException`\n    \n        Return:\n        -------\n        object: T\n            - The result of the last call to `method`\n    \n        Raises:\n        -------\n        TimeoutException\n            - If 'method' does not return a truthy value within the WebDriverWait\n            object's timeout\n    \n        Example:\n        --------\n        >>> from selenium.webdriver.common.by import By\n        >>> from selenium.webdriver.support.ui import WebDriverWait\n        >>> from selenium.webdriver.support import expected_conditions as EC\n    \n        # Wait until an element is visible on the page\n        >>> wait = WebDriverWait(driver, 10)\n        >>> element = wait.until(EC.visibility_of_element_located((By.ID, \"exampleId\")))\n        >>> print(element.text)\n        \"\"\"\n        screen = None\n        stacktrace = None\n    \n        end_time = time.monotonic() + self._timeout\n        while True:\n            try:\n                value = method(self._driver)\n                if value:\n                    return value\n            except self._ignored_exceptions as exc:\n                screen = getattr(exc, \"screen\", None)\n                stacktrace = getattr(exc, \"stacktrace\", None)\n            if time.monotonic() > end_time:\n                break\n            time.sleep(self._poll)\n>       raise TimeoutException(message, screen, stacktrace)\nE       selenium.common.exceptions.TimeoutException: Message:\n\n..\\..\\AppData\\Local\\Programs\\Python\\Python313\\Lib\\site-packages\\selenium\\webdriver\\support\\wait.py:138: TimeoutException","flaky":false,"newFailed":false,"newBroken":false,"newPassed":false,"retriesCount":0,"retriesStatusChange":false,"beforeStages":[{"name":"_session_faker","time":{"start":1762529613251,"stop":1762529613290,"duration":39},"status":"passed","steps":[],"attachments":[],"parameters":[],"attachmentStep":false,"stepsCount":0,"hasContent":false,"shouldDisplayMessage":false,"attachmentsCount":0},{"name":"driver","time":{"start":1762529712879,"stop":1762529718614,"duration":5735},"status":"passed","steps":[],"attachments":[],"parameters":[],"attachmentStep":false,"stepsCount":0,"hasContent":false,"shouldDisplayMessage":false,"attachmentsCount":0},{"name":"create_user_api","time":{"start":1762529718614,"stop":1762529718614,"duration":0},"status":"passed","steps":[],"attachments":[],"parameters":[],"attachmentStep":false,"stepsCount":0,"hasContent":false,"shouldDisplayMessage":false,"attachmentsCount":0},{"name":"random_user_payload_for_create","time":{"start":1762529718614,"stop":1762529718614,"duration":0},"status":"passed","steps":[],"attachments":[],"parameters":[],"attachmentStep":false,"stepsCount":0,"hasContent":false,"shouldDisplayMessage":false,"attachmentsCount":0},{"name":"login_user_api","time":{"start":1762529718614,"stop":1762529718614,"duration":0},"status":"passed","steps":[],"attachments":[],"parameters":[],"attachmentStep":false,"stepsCount":0,"hasContent":false,"shouldDisplayMessage":false,"attachmentsCount":0},{"name":"delete_user_api","time":{"start":1762529718615,"stop":1762529718615,"duration":0},"status":"passed","steps":[],"attachments":[],"parameters":[],"attachmentStep":false,"stepsCount":0,"hasContent":false,"shouldDisplayMessage":false,"attachmentsCount":0},{"name":"new_user","time":{"start":1762529718615,"stop":1762529718902,"duration":287},"status":"passed","steps":[],"attachments":[],"parameters":[],"attachmentStep":false,"stepsCount":0,"hasContent":false,"shouldDisplayMessage":false,"attachmentsCount":0}],"testStage":{"description":"Тест проверяет увеличение счетчиков выполненных заказов после создания нового заказа","status":"broken","statusMessage":"selenium.common.exceptions.TimeoutException: Message:","statusTrace":"self = <test_feed_order.TestFeedOrder object at 0x000002B04354B460>, driver = <selenium.webdriver.firefox.webdriver.WebDriver (session=\"28e6ca1e-718a-4c59-8f2d-abcf0839c1d7\")>, new_user = {'email': 'prohorovakim@example.com', 'name': 'fedosi_78', 'password': '21oTagLe@w'}\n\n    @allure.title(\"Проверка изменения счетчиков заказов\")\n    @allure.description(\"Тест проверяет увеличение счетчиков выполненных заказов после создания нового заказа\")\n    def test_change_counter_orders(self, driver, new_user):\n        with allure.step(\"Создать экземпляры страниц\"):\n            login = LoginPage(driver)\n            main_func_page = MainFuncPage(driver)\n            order_feed_page = OrderFeedPage(driver)\n    \n        with allure.step(\"Авторизоваться пользователем\"):\n            login.authorize_user(new_user['email'], new_user['password'])\n    \n        with allure.step(\"Перейти в ленту заказов\"):\n            main_func_page.click_feed_orders()\n    \n        with allure.step(\"Получить начальные значения счетчиков\"):\n            count_before_all = order_feed_page.get_number_complete_all()\n            count_before_today = order_feed_page.get_number_complete_today()\n    \n        with allure.step(\"Создать заказ\"):\n>           main_func_page.make_order()\n\ntests\\test_feed_order.py:77: \n_ _ _ _ _ _ _ _ _ _ _ _ _ _ _ _ _ _ _ _ _ _ _ _ _ _ _ _ _ _ _ _ _ _ _ _ _ _ _ _ _ _ _ _ _ _ _ _ _ _ _ _ _ _ _ _ _ _ _ _ _ _ _ _ _ _ _ _ _ _ _ _ _ _ _ _ _ _ _ _ _ _ _ _ _ _ _ _ _ _ _ _ _ _ _ _ _ _ _ _ _ _ _ _ _ _ _ _ _ _ _ _ _ _ _ _ _ _ _ _ _ _ _ _ _ _ _ _ _ _ _ _ _ _ _ _ \npages\\main_func_page.py:43: in make_order\n    return self.click_create_order()\n           ^^^^^^^^^^^^^^^^^^^^^^^^^\npages\\main_func_page.py:38: in click_create_order\n    return self.wait_element_change_text(LocatorMainFunc.POPUP_ORDER_ID_LARGE, '9999')\n           ^^^^^^^^^^^^^^^^^^^^^^^^^^^^^^^^^^^^^^^^^^^^^^^^^^^^^^^^^^^^^^^^^^^^^^^^^^^\npages\\base_page.py:22: in wait_element_change_text\n    return self.wait.until(lambda driver: element.text != initial_text)\n           ^^^^^^^^^^^^^^^^^^^^^^^^^^^^^^^^^^^^^^^^^^^^^^^^^^^^^^^^^^^^\n_ _ _ _ _ _ _ _ _ _ _ _ _ _ _ _ _ _ _ _ _ _ _ _ _ _ _ _ _ _ _ _ _ _ _ _ _ _ _ _ _ _ _ _ _ _ _ _ _ _ _ _ _ _ _ _ _ _ _ _ _ _ _ _ _ _ _ _ _ _ _ _ _ _ _ _ _ _ _ _ _ _ _ _ _ _ _ _ _ _ _ _ _ _ _ _ _ _ _ _ _ _ _ _ _ _ _ _ _ _ _ _ _ _ _ _ _ _ _ _ _ _ _ _ _ _ _ _ _ _ _ _ _ _ _ _ \n\nself = <selenium.webdriver.support.wait.WebDriverWait (session=\"28e6ca1e-718a-4c59-8f2d-abcf0839c1d7\")>, method = <function BasePage.wait_element_change_text.<locals>.<lambda> at 0x000002B043B85940>, message = ''\n\n    def until(self, method: Callable[[D], Union[Literal[False], T]], message: str = \"\") -> T:\n        \"\"\"Wait until the method returns a value that is not False.\n    \n        Calls the method provided with the driver as an argument until the\n        return value does not evaluate to ``False``.\n    \n        Parameters:\n        -----------\n        method: callable(WebDriver)\n            - A callable object that takes a WebDriver instance as an argument.\n    \n        message: str\n            - Optional message for :exc:`TimeoutException`\n    \n        Return:\n        -------\n        object: T\n            - The result of the last call to `method`\n    \n        Raises:\n        -------\n        TimeoutException\n            - If 'method' does not return a truthy value within the WebDriverWait\n            object's timeout\n    \n        Example:\n        --------\n        >>> from selenium.webdriver.common.by import By\n        >>> from selenium.webdriver.support.ui import WebDriverWait\n        >>> from selenium.webdriver.support import expected_conditions as EC\n    \n        # Wait until an element is visible on the page\n        >>> wait = WebDriverWait(driver, 10)\n        >>> element = wait.until(EC.visibility_of_element_located((By.ID, \"exampleId\")))\n        >>> print(element.text)\n        \"\"\"\n        screen = None\n        stacktrace = None\n    \n        end_time = time.monotonic() + self._timeout\n        while True:\n            try:\n                value = method(self._driver)\n                if value:\n                    return value\n            except self._ignored_exceptions as exc:\n                screen = getattr(exc, \"screen\", None)\n                stacktrace = getattr(exc, \"stacktrace\", None)\n            if time.monotonic() > end_time:\n                break\n            time.sleep(self._poll)\n>       raise TimeoutException(message, screen, stacktrace)\nE       selenium.common.exceptions.TimeoutException: Message:\n\n..\\..\\AppData\\Local\\Programs\\Python\\Python313\\Lib\\site-packages\\selenium\\webdriver\\support\\wait.py:138: TimeoutException","steps":[{"name":"Создать экземпляры страниц","time":{"start":1762529718902,"stop":1762529718902,"duration":0},"status":"passed","steps":[],"attachments":[],"parameters":[],"attachmentStep":false,"stepsCount":0,"hasContent":false,"shouldDisplayMessage":false,"attachmentsCount":0},{"name":"Авторизоваться пользователем","time":{"start":1762529718902,"stop":1762529720787,"duration":1885},"status":"passed","steps":[],"attachments":[],"parameters":[],"attachmentStep":false,"stepsCount":0,"hasContent":false,"shouldDisplayMessage":false,"attachmentsCount":0},{"name":"Перейти в ленту заказов","time":{"start":1762529720787,"stop":1762529721854,"duration":1067},"status":"passed","steps":[],"attachments":[],"parameters":[],"attachmentStep":false,"stepsCount":0,"hasContent":false,"shouldDisplayMessage":false,"attachmentsCount":0},{"name":"Получить начальные значения счетчиков","time":{"start":1762529721854,"stop":1762529721860,"duration":6},"status":"passed","steps":[],"attachments":[],"parameters":[],"attachmentStep":false,"stepsCount":0,"hasContent":false,"shouldDisplayMessage":false,"attachmentsCount":0},{"name":"Создать заказ","time":{"start":1762529721860,"stop":1762529762823,"duration":40963},"status":"broken","statusMessage":"selenium.common.exceptions.TimeoutException: Message: \n\n","statusTrace":"  File \"C:\\Users\\User\\Documents\\Diplom_3\\tests\\test_feed_order.py\", line 77, in test_change_counter_orders\n    main_func_page.make_order()\n    ~~~~~~~~~~~~~~~~~~~~~~~~~^^\n  File \"C:\\Users\\User\\Documents\\Diplom_3\\pages\\main_func_page.py\", line 43, in make_order\n    return self.click_create_order()\n           ~~~~~~~~~~~~~~~~~~~~~~~^^\n  File \"C:\\Users\\User\\Documents\\Diplom_3\\pages\\main_func_page.py\", line 38, in click_create_order\n    return self.wait_element_change_text(LocatorMainFunc.POPUP_ORDER_ID_LARGE, '9999')\n           ~~~~~~~~~~~~~~~~~~~~~~~~~~~~~^^^^^^^^^^^^^^^^^^^^^^^^^^^^^^^^^^^^^^^^^^^^^^\n  File \"C:\\Users\\User\\Documents\\Diplom_3\\pages\\base_page.py\", line 22, in wait_element_change_text\n    return self.wait.until(lambda driver: element.text != initial_text)\n           ~~~~~~~~~~~~~~~^^^^^^^^^^^^^^^^^^^^^^^^^^^^^^^^^^^^^^^^^^^^^\n  File \"C:\\Users\\User\\AppData\\Local\\Programs\\Python\\Python313\\Lib\\site-packages\\selenium\\webdriver\\support\\wait.py\", line 138, in until\n    raise TimeoutException(message, screen, stacktrace)\n","steps":[],"attachments":[],"parameters":[],"attachmentStep":false,"stepsCount":0,"hasContent":true,"shouldDisplayMessage":true,"attachmentsCount":0}],"attachments":[],"parameters":[],"attachmentStep":false,"stepsCount":5,"hasContent":true,"shouldDisplayMessage":true,"attachmentsCount":0},"afterStages":[{"name":"new_user::0","time":{"start":1762529762828,"stop":1762529763898,"duration":1070},"status":"passed","steps":[],"attachments":[],"parameters":[],"attachmentStep":false,"stepsCount":0,"hasContent":false,"shouldDisplayMessage":false,"attachmentsCount":0},{"name":"driver::0","time":{"start":1762529763899,"stop":1762529766273,"duration":2374},"status":"passed","steps":[],"attachments":[],"parameters":[],"attachmentStep":false,"stepsCount":0,"hasContent":false,"shouldDisplayMessage":false,"attachmentsCount":0}],"labels":[{"name":"parentSuite","value":"tests"},{"name":"suite","value":"test_feed_order"},{"name":"subSuite","value":"TestFeedOrder"},{"name":"host","value":"DESKTOP-2C7V3AB"},{"name":"thread","value":"7624-MainThread"},{"name":"framework","value":"pytest"},{"name":"language","value":"cpython3"},{"name":"package","value":"tests.test_feed_order"},{"name":"resultFormat","value":"allure2"}],"parameters":[{"name":"driver","value":"'firefox'"}],"links":[],"hidden":false,"retry":false,"extra":{"severity":"normal","retries":[],"categories":[{"name":"Test defects","matchedStatuses":[]}],"tags":[]},"source":"a4d82522ba045584.json","parameterValues":["'firefox'"]}