{"uid":"a9a78d556f8557a8","name":"Проверка отображения заказа в истории и ленте","fullName":"tests.test_feed_order.TestFeedOrder#test_order_in_history_and_feed","historyId":"5784118957d5a70df6b9bbeac34ff554","time":{"start":1762529650988,"stop":1762529693804,"duration":42816},"description":"Тест проверяет, что созданный заказ отображается в истории заказов и в ленте","descriptionHtml":"<p>Тест проверяет, что созданный заказ отображается в истории заказов и в ленте</p>\n","status":"broken","statusMessage":"selenium.common.exceptions.TimeoutException: Message:","statusTrace":"self = <test_feed_order.TestFeedOrder object at 0x000002B043601220>, driver = <selenium.webdriver.firefox.webdriver.WebDriver (session=\"320d49e4-a3e8-4cb0-9e50-5f7552f920f1\")>, new_user = {'email': 'wknjazev@example.net', 'name': 'visheslav1994', 'password': 'pX%s9MvD+!'}\n\n    @allure.title(\"Проверка отображения заказа в истории и ленте\")\n    @allure.description(\"Тест проверяет, что созданный заказ отображается в истории заказов и в ленте\")\n    def test_order_in_history_and_feed(self, driver, new_user):\n        with allure.step(\"Создать экземпляры страниц\"):\n            login = LoginPage(driver)\n            personal_account = PersonalAccountPage(driver)\n            main_func_page = MainFuncPage(driver)\n            order_feed_page = OrderFeedPage(driver)\n    \n        with allure.step(\"Авторизоваться пользователем\"):\n            login.authorize_user(new_user['email'], new_user['password'])\n    \n        with allure.step(\"Создать заказ\"):\n>           main_func_page.make_order()\n\ntests\\test_feed_order.py:35: \n_ _ _ _ _ _ _ _ _ _ _ _ _ _ _ _ _ _ _ _ _ _ _ _ _ _ _ _ _ _ _ _ _ _ _ _ _ _ _ _ _ _ _ _ _ _ _ _ _ _ _ _ _ _ _ _ _ _ _ _ _ _ _ _ _ _ _ _ _ _ _ _ _ _ _ _ _ _ _ _ _ _ _ _ _ _ _ _ _ _ _ _ _ _ _ _ _ _ _ _ _ _ _ _ _ _ _ _ _ _ _ _ _ _ _ _ _ _ _ _ _ _ _ _ _ _ _ _ _ _ _ _ _ _ _ _ \npages\\main_func_page.py:43: in make_order\n    return self.click_create_order()\n           ^^^^^^^^^^^^^^^^^^^^^^^^^\npages\\main_func_page.py:38: in click_create_order\n    return self.wait_element_change_text(LocatorMainFunc.POPUP_ORDER_ID_LARGE, '9999')\n           ^^^^^^^^^^^^^^^^^^^^^^^^^^^^^^^^^^^^^^^^^^^^^^^^^^^^^^^^^^^^^^^^^^^^^^^^^^^\npages\\base_page.py:22: in wait_element_change_text\n    return self.wait.until(lambda driver: element.text != initial_text)\n           ^^^^^^^^^^^^^^^^^^^^^^^^^^^^^^^^^^^^^^^^^^^^^^^^^^^^^^^^^^^^\n_ _ _ _ _ _ _ _ _ _ _ _ _ _ _ _ _ _ _ _ _ _ _ _ _ _ _ _ _ _ _ _ _ _ _ _ _ _ _ _ _ _ _ _ _ _ _ _ _ _ _ _ _ _ _ _ _ _ _ _ _ _ _ _ _ _ _ _ _ _ _ _ _ _ _ _ _ _ _ _ _ _ _ _ _ _ _ _ _ _ _ _ _ _ _ _ _ _ _ _ _ _ _ _ _ _ _ _ _ _ _ _ _ _ _ _ _ _ _ _ _ _ _ _ _ _ _ _ _ _ _ _ _ _ _ _ \n\nself = <selenium.webdriver.support.wait.WebDriverWait (session=\"320d49e4-a3e8-4cb0-9e50-5f7552f920f1\")>, method = <function BasePage.wait_element_change_text.<locals>.<lambda> at 0x000002B04375B380>, message = ''\n\n    def until(self, method: Callable[[D], Union[Literal[False], T]], message: str = \"\") -> T:\n        \"\"\"Wait until the method returns a value that is not False.\n    \n        Calls the method provided with the driver as an argument until the\n        return value does not evaluate to ``False``.\n    \n        Parameters:\n        -----------\n        method: callable(WebDriver)\n            - A callable object that takes a WebDriver instance as an argument.\n    \n        message: str\n            - Optional message for :exc:`TimeoutException`\n    \n        Return:\n        -------\n        object: T\n            - The result of the last call to `method`\n    \n        Raises:\n        -------\n        TimeoutException\n            - If 'method' does not return a truthy value within the WebDriverWait\n            object's timeout\n    \n        Example:\n        --------\n        >>> from selenium.webdriver.common.by import By\n        >>> from selenium.webdriver.support.ui import WebDriverWait\n        >>> from selenium.webdriver.support import expected_conditions as EC\n    \n        # Wait until an element is visible on the page\n        >>> wait = WebDriverWait(driver, 10)\n        >>> element = wait.until(EC.visibility_of_element_located((By.ID, \"exampleId\")))\n        >>> print(element.text)\n        \"\"\"\n        screen = None\n        stacktrace = None\n    \n        end_time = time.monotonic() + self._timeout\n        while True:\n            try:\n                value = method(self._driver)\n                if value:\n                    return value\n            except self._ignored_exceptions as exc:\n                screen = getattr(exc, \"screen\", None)\n                stacktrace = getattr(exc, \"stacktrace\", None)\n            if time.monotonic() > end_time:\n                break\n            time.sleep(self._poll)\n>       raise TimeoutException(message, screen, stacktrace)\nE       selenium.common.exceptions.TimeoutException: Message:\n\n..\\..\\AppData\\Local\\Programs\\Python\\Python313\\Lib\\site-packages\\selenium\\webdriver\\support\\wait.py:138: TimeoutException","flaky":false,"newFailed":false,"newBroken":false,"newPassed":false,"retriesCount":0,"retriesStatusChange":false,"beforeStages":[{"name":"_session_faker","time":{"start":1762529613251,"stop":1762529613290,"duration":39},"status":"passed","steps":[],"attachments":[],"parameters":[],"attachmentStep":false,"stepsCount":0,"hasContent":false,"shouldDisplayMessage":false,"attachmentsCount":0},{"name":"driver","time":{"start":1762529644476,"stop":1762529650690,"duration":6214},"status":"passed","steps":[],"attachments":[],"parameters":[],"attachmentStep":false,"stepsCount":0,"hasContent":false,"shouldDisplayMessage":false,"attachmentsCount":0},{"name":"random_user_payload_for_create","time":{"start":1762529650690,"stop":1762529650691,"duration":1},"status":"passed","steps":[],"attachments":[],"parameters":[],"attachmentStep":false,"stepsCount":0,"hasContent":false,"shouldDisplayMessage":false,"attachmentsCount":0},{"name":"login_user_api","time":{"start":1762529650691,"stop":1762529650691,"duration":0},"status":"passed","steps":[],"attachments":[],"parameters":[],"attachmentStep":false,"stepsCount":0,"hasContent":false,"shouldDisplayMessage":false,"attachmentsCount":0},{"name":"delete_user_api","time":{"start":1762529650691,"stop":1762529650691,"duration":0},"status":"passed","steps":[],"attachments":[],"parameters":[],"attachmentStep":false,"stepsCount":0,"hasContent":false,"shouldDisplayMessage":false,"attachmentsCount":0},{"name":"create_user_api","time":{"start":1762529650691,"stop":1762529650691,"duration":0},"status":"passed","steps":[],"attachments":[],"parameters":[],"attachmentStep":false,"stepsCount":0,"hasContent":false,"shouldDisplayMessage":false,"attachmentsCount":0},{"name":"new_user","time":{"start":1762529650691,"stop":1762529650988,"duration":297},"status":"passed","steps":[],"attachments":[],"parameters":[],"attachmentStep":false,"stepsCount":0,"hasContent":false,"shouldDisplayMessage":false,"attachmentsCount":0}],"testStage":{"description":"Тест проверяет, что созданный заказ отображается в истории заказов и в ленте","status":"broken","statusMessage":"selenium.common.exceptions.TimeoutException: Message:","statusTrace":"self = <test_feed_order.TestFeedOrder object at 0x000002B043601220>, driver = <selenium.webdriver.firefox.webdriver.WebDriver (session=\"320d49e4-a3e8-4cb0-9e50-5f7552f920f1\")>, new_user = {'email': 'wknjazev@example.net', 'name': 'visheslav1994', 'password': 'pX%s9MvD+!'}\n\n    @allure.title(\"Проверка отображения заказа в истории и ленте\")\n    @allure.description(\"Тест проверяет, что созданный заказ отображается в истории заказов и в ленте\")\n    def test_order_in_history_and_feed(self, driver, new_user):\n        with allure.step(\"Создать экземпляры страниц\"):\n            login = LoginPage(driver)\n            personal_account = PersonalAccountPage(driver)\n            main_func_page = MainFuncPage(driver)\n            order_feed_page = OrderFeedPage(driver)\n    \n        with allure.step(\"Авторизоваться пользователем\"):\n            login.authorize_user(new_user['email'], new_user['password'])\n    \n        with allure.step(\"Создать заказ\"):\n>           main_func_page.make_order()\n\ntests\\test_feed_order.py:35: \n_ _ _ _ _ _ _ _ _ _ _ _ _ _ _ _ _ _ _ _ _ _ _ _ _ _ _ _ _ _ _ _ _ _ _ _ _ _ _ _ _ _ _ _ _ _ _ _ _ _ _ _ _ _ _ _ _ _ _ _ _ _ _ _ _ _ _ _ _ _ _ _ _ _ _ _ _ _ _ _ _ _ _ _ _ _ _ _ _ _ _ _ _ _ _ _ _ _ _ _ _ _ _ _ _ _ _ _ _ _ _ _ _ _ _ _ _ _ _ _ _ _ _ _ _ _ _ _ _ _ _ _ _ _ _ _ \npages\\main_func_page.py:43: in make_order\n    return self.click_create_order()\n           ^^^^^^^^^^^^^^^^^^^^^^^^^\npages\\main_func_page.py:38: in click_create_order\n    return self.wait_element_change_text(LocatorMainFunc.POPUP_ORDER_ID_LARGE, '9999')\n           ^^^^^^^^^^^^^^^^^^^^^^^^^^^^^^^^^^^^^^^^^^^^^^^^^^^^^^^^^^^^^^^^^^^^^^^^^^^\npages\\base_page.py:22: in wait_element_change_text\n    return self.wait.until(lambda driver: element.text != initial_text)\n           ^^^^^^^^^^^^^^^^^^^^^^^^^^^^^^^^^^^^^^^^^^^^^^^^^^^^^^^^^^^^\n_ _ _ _ _ _ _ _ _ _ _ _ _ _ _ _ _ _ _ _ _ _ _ _ _ _ _ _ _ _ _ _ _ _ _ _ _ _ _ _ _ _ _ _ _ _ _ _ _ _ _ _ _ _ _ _ _ _ _ _ _ _ _ _ _ _ _ _ _ _ _ _ _ _ _ _ _ _ _ _ _ _ _ _ _ _ _ _ _ _ _ _ _ _ _ _ _ _ _ _ _ _ _ _ _ _ _ _ _ _ _ _ _ _ _ _ _ _ _ _ _ _ _ _ _ _ _ _ _ _ _ _ _ _ _ _ \n\nself = <selenium.webdriver.support.wait.WebDriverWait (session=\"320d49e4-a3e8-4cb0-9e50-5f7552f920f1\")>, method = <function BasePage.wait_element_change_text.<locals>.<lambda> at 0x000002B04375B380>, message = ''\n\n    def until(self, method: Callable[[D], Union[Literal[False], T]], message: str = \"\") -> T:\n        \"\"\"Wait until the method returns a value that is not False.\n    \n        Calls the method provided with the driver as an argument until the\n        return value does not evaluate to ``False``.\n    \n        Parameters:\n        -----------\n        method: callable(WebDriver)\n            - A callable object that takes a WebDriver instance as an argument.\n    \n        message: str\n            - Optional message for :exc:`TimeoutException`\n    \n        Return:\n        -------\n        object: T\n            - The result of the last call to `method`\n    \n        Raises:\n        -------\n        TimeoutException\n            - If 'method' does not return a truthy value within the WebDriverWait\n            object's timeout\n    \n        Example:\n        --------\n        >>> from selenium.webdriver.common.by import By\n        >>> from selenium.webdriver.support.ui import WebDriverWait\n        >>> from selenium.webdriver.support import expected_conditions as EC\n    \n        # Wait until an element is visible on the page\n        >>> wait = WebDriverWait(driver, 10)\n        >>> element = wait.until(EC.visibility_of_element_located((By.ID, \"exampleId\")))\n        >>> print(element.text)\n        \"\"\"\n        screen = None\n        stacktrace = None\n    \n        end_time = time.monotonic() + self._timeout\n        while True:\n            try:\n                value = method(self._driver)\n                if value:\n                    return value\n            except self._ignored_exceptions as exc:\n                screen = getattr(exc, \"screen\", None)\n                stacktrace = getattr(exc, \"stacktrace\", None)\n            if time.monotonic() > end_time:\n                break\n            time.sleep(self._poll)\n>       raise TimeoutException(message, screen, stacktrace)\nE       selenium.common.exceptions.TimeoutException: Message:\n\n..\\..\\AppData\\Local\\Programs\\Python\\Python313\\Lib\\site-packages\\selenium\\webdriver\\support\\wait.py:138: TimeoutException","steps":[{"name":"Создать экземпляры страниц","time":{"start":1762529650988,"stop":1762529650988,"duration":0},"status":"passed","steps":[],"attachments":[],"parameters":[],"attachmentStep":false,"stepsCount":0,"hasContent":false,"shouldDisplayMessage":false,"attachmentsCount":0},{"name":"Авторизоваться пользователем","time":{"start":1762529650988,"stop":1762529652854,"duration":1866},"status":"passed","steps":[],"attachments":[],"parameters":[],"attachmentStep":false,"stepsCount":0,"hasContent":false,"shouldDisplayMessage":false,"attachmentsCount":0},{"name":"Создать заказ","time":{"start":1762529652854,"stop":1762529693803,"duration":40949},"status":"broken","statusMessage":"selenium.common.exceptions.TimeoutException: Message: \n\n","statusTrace":"  File \"C:\\Users\\User\\Documents\\Diplom_3\\tests\\test_feed_order.py\", line 35, in test_order_in_history_and_feed\n    main_func_page.make_order()\n    ~~~~~~~~~~~~~~~~~~~~~~~~~^^\n  File \"C:\\Users\\User\\Documents\\Diplom_3\\pages\\main_func_page.py\", line 43, in make_order\n    return self.click_create_order()\n           ~~~~~~~~~~~~~~~~~~~~~~~^^\n  File \"C:\\Users\\User\\Documents\\Diplom_3\\pages\\main_func_page.py\", line 38, in click_create_order\n    return self.wait_element_change_text(LocatorMainFunc.POPUP_ORDER_ID_LARGE, '9999')\n           ~~~~~~~~~~~~~~~~~~~~~~~~~~~~~^^^^^^^^^^^^^^^^^^^^^^^^^^^^^^^^^^^^^^^^^^^^^^\n  File \"C:\\Users\\User\\Documents\\Diplom_3\\pages\\base_page.py\", line 22, in wait_element_change_text\n    return self.wait.until(lambda driver: element.text != initial_text)\n           ~~~~~~~~~~~~~~~^^^^^^^^^^^^^^^^^^^^^^^^^^^^^^^^^^^^^^^^^^^^^\n  File \"C:\\Users\\User\\AppData\\Local\\Programs\\Python\\Python313\\Lib\\site-packages\\selenium\\webdriver\\support\\wait.py\", line 138, in until\n    raise TimeoutException(message, screen, stacktrace)\n","steps":[],"attachments":[],"parameters":[],"attachmentStep":false,"stepsCount":0,"hasContent":true,"shouldDisplayMessage":true,"attachmentsCount":0}],"attachments":[],"parameters":[],"attachmentStep":false,"stepsCount":3,"hasContent":true,"shouldDisplayMessage":true,"attachmentsCount":0},"afterStages":[{"name":"new_user::0","time":{"start":1762529693863,"stop":1762529694958,"duration":1095},"status":"passed","steps":[],"attachments":[],"parameters":[],"attachmentStep":false,"stepsCount":0,"hasContent":false,"shouldDisplayMessage":false,"attachmentsCount":0},{"name":"driver::0","time":{"start":1762529694960,"stop":1762529697335,"duration":2375},"status":"passed","steps":[],"attachments":[],"parameters":[],"attachmentStep":false,"stepsCount":0,"hasContent":false,"shouldDisplayMessage":false,"attachmentsCount":0}],"labels":[{"name":"parentSuite","value":"tests"},{"name":"suite","value":"test_feed_order"},{"name":"subSuite","value":"TestFeedOrder"},{"name":"host","value":"DESKTOP-2C7V3AB"},{"name":"thread","value":"7624-MainThread"},{"name":"framework","value":"pytest"},{"name":"language","value":"cpython3"},{"name":"package","value":"tests.test_feed_order"},{"name":"resultFormat","value":"allure2"}],"parameters":[{"name":"driver","value":"'firefox'"}],"links":[],"hidden":false,"retry":false,"extra":{"severity":"normal","retries":[],"categories":[{"name":"Test defects","matchedStatuses":[]}],"tags":[]},"source":"a9a78d556f8557a8.json","parameterValues":["'firefox'"]}